[INFO] 04:03:36:951 TP0/(9081:9081): soy un log
[INFO] 04:16:53:741 TP0/(9317:9317): soy un log
[INFO] 04:16:53:742 TP0/(9317:9317): Hola, soy un valor
[INFO] 04:43:30:210 TP0/(9723:9723): soy un log
[INFO] 04:43:30:218 TP0/(9723:9723): Hola, soy un valor
[INFO] 04:43:52:327 TP0/(9723:9723): hola
[INFO] 04:43:58:295 TP0/(9723:9723): si
[INFO] 04:44:02:943 TP0/(9723:9723): tt
[INFO] 19:02:35:196 TP0/(6773:6773): soy un log
[INFO] 19:02:35:199 TP0/(6773:6773): Hola, soy un valor
[INFO] 19:02:41:634 TP0/(6773:6773): hola
[INFO] 19:02:45:306 TP0/(6773:6773): es
[INFO] 19:02:47:690 TP0/(6773:6773): una
[INFO] 19:02:49:962 TP0/(6773:6773): prueba
[INFO] 19:02:51:578 TP0/(6773:6773): de
[INFO] 19:02:54:829 TP0/(6773:6773): paquete
[INFO] 19:06:37:133 TP0/(6966:6966): soy un log
[INFO] 19:06:37:141 TP0/(6966:6966): Hola, soy un valor
[INFO] 19:06:41:524 TP0/(6966:6966): hola
[INFO] 19:06:45:020 TP0/(6966:6966): es
[INFO] 19:06:46:835 TP0/(6966:6966): una
[INFO] 19:06:48:996 TP0/(6966:6966): prueba
[INFO] 19:14:41:278 TP0/(7087:7087): soy un log
[INFO] 19:14:41:281 TP0/(7087:7087): Hola, soy un valor
[INFO] 19:16:49:176 TP0/(7087:7087): hola
[INFO] 19:16:55:200 TP0/(7087:7087): l
[INFO] 19:16:57:544 TP0/(7087:7087): s
[INFO] 19:18:04:885 TP0/(7279:7279): soy un log
[INFO] 19:18:04:888 TP0/(7279:7279): Hola, soy un valor
[INFO] 19:18:08:819 TP0/(7279:7279): hola
[INFO] 19:18:11:444 TP0/(7279:7279): g
[INFO] 19:18:12:477 TP0/(7279:7279): r
[INFO] 19:18:13:315 TP0/(7279:7279): y
[INFO] 19:21:29:672 TP0/(7343:7343): soy un log
[INFO] 19:21:29:675 TP0/(7343:7343): Hola, soy un valor
[INFO] 19:21:34:059 TP0/(7343:7343): hola
[INFO] 19:23:06:123 TP0/(7496:7496): soy un log
[INFO] 19:23:06:125 TP0/(7496:7496): Hola, soy un valor
[INFO] 19:23:09:655 TP0/(7496:7496): hola
[INFO] 19:37:20:288 TP0/(7627:7627): soy un log
[INFO] 19:37:21:528 TP0/(7627:7627): Hola, soy un valor
[INFO] 19:38:26:132 TP0/(7789:7789): soy un log
[INFO] 19:38:26:869 TP0/(7789:7789): Hola, soy un valor
[INFO] 19:38:31:811 TP0/(7789:7789): hoal
[INFO] 19:40:02:384 TP0/(7871:7871): soy un log
[INFO] 19:40:02:400 TP0/(7871:7871): Hola, soy un valor
[INFO] 19:40:18:201 TP0/(7871:7871): h
[INFO] 19:44:06:080 TP0/(8017:8017): soy un log
[INFO] 19:44:06:082 TP0/(8017:8017): Hola, soy un valor
[INFO] 19:45:42:917 TP0/(8062:8062): soy un log
[INFO] 19:45:42:917 TP0/(8062:8062): Hola, soy un valor
[INFO] 19:45:48:185 TP0/(8062:8062): hol
[INFO] 19:58:15:810 TP0/(8523:8523): soy un log
[INFO] 19:58:15:811 TP0/(8523:8523): Hola, soy un valor
[INFO] 19:58:21:390 TP0/(8523:8523): hola
